c:\users\user\documents\visual studio 2019\my exported templates\union sdk\g2a debug\interface.obj
c:\users\user\documents\visual studio 2019\my exported templates\union sdk\g2a debug\statics_g2.obj
c:\users\user\documents\visual studio 2019\my exported templates\union sdk\g2a debug\classdeclarators_g1.obj
c:\users\user\documents\visual studio 2019\my exported templates\union sdk\g2a debug\classdeclarators_g2a.obj
c:\users\user\documents\visual studio 2019\my exported templates\union sdk\g2a debug\statics_g2a.obj
c:\users\user\documents\visual studio 2019\my exported templates\union sdk\g2a debug\globals_g1a.obj
c:\users\user\documents\visual studio 2019\my exported templates\union sdk\g2a debug\statics_g1.obj
c:\users\user\documents\visual studio 2019\my exported templates\union sdk\g2a debug\dllmain.obj
c:\users\user\documents\visual studio 2019\my exported templates\union sdk\g2a debug\globals_g2.obj
c:\users\user\documents\visual studio 2019\my exported templates\union sdk\g2a debug\statics_g1a.obj
c:\users\user\documents\visual studio 2019\my exported templates\union sdk\g2a debug\globals_g2a.obj
c:\users\user\documents\visual studio 2019\my exported templates\union sdk\g2a debug\classdeclarators_g2.obj
c:\users\user\documents\visual studio 2019\my exported templates\union sdk\g2a debug\classdeclarators_g1a.obj
c:\users\user\documents\visual studio 2019\my exported templates\union sdk\g2a debug\globals_g1.obj
c:\users\user\documents\visual studio 2019\my exported templates\union sdk\g2a debug\vc142.pdb
c:\users\user\documents\visual studio 2019\my exported templates\union sdk\g2a debug\vc142.idb
e:\gothic ii\system\autorun\unionplugin100k.dll
c:\users\user\documents\visual studio 2019\my exported templates\union sdk\g2a debug\unionplugin100k.ilk
c:\users\user\documents\visual studio 2019\my exported templates\pdb\unionplugin100k.pdb
c:\users\user\documents\visual studio 2019\my exported templates\union sdk\g2a debug\resource.res
c:\users\user\documents\visual studio 2019\my exported templates\union sdk\bin\unionplugin100k.ipdb
c:\users\user\documents\visual studio 2019\my exported templates\union sdk\bin\unionplugin100k.iobj
e:\gothic ii\system\autorun\unionplugin100k.ipdb
e:\gothic ii\system\autorun\unionplugin100k.iobj
c:\users\user\documents\visual studio 2019\my exported templates\union sdk\g2a debug\cengine.ilk
c:\users\user\documents\visual studio 2019\my exported templates\union sdk\g2a debug\unionplugin100k.tlog\cl.command.1.tlog
c:\users\user\documents\visual studio 2019\my exported templates\union sdk\g2a debug\unionplugin100k.tlog\cl.read.1.tlog
c:\users\user\documents\visual studio 2019\my exported templates\union sdk\g2a debug\unionplugin100k.tlog\cl.write.1.tlog
c:\users\user\documents\visual studio 2019\my exported templates\union sdk\g2a debug\unionplugin100k.tlog\link.command.1.tlog
c:\users\user\documents\visual studio 2019\my exported templates\union sdk\g2a debug\unionplugin100k.tlog\link.delete.1.tlog
c:\users\user\documents\visual studio 2019\my exported templates\union sdk\g2a debug\unionplugin100k.tlog\link.read.1.tlog
c:\users\user\documents\visual studio 2019\my exported templates\union sdk\g2a debug\unionplugin100k.tlog\link.write.1.tlog
c:\users\user\documents\visual studio 2019\my exported templates\union sdk\g2a debug\unionplugin100k.tlog\rc.command.1.tlog
c:\users\user\documents\visual studio 2019\my exported templates\union sdk\g2a debug\unionplugin100k.tlog\rc.read.1.tlog
c:\users\user\documents\visual studio 2019\my exported templates\union sdk\g2a debug\unionplugin100k.tlog\rc.write.1.tlog
c:\users\user\documents\visual studio 2019\my exported templates\union sdk\g2a debug\unionplugin100k.tlog\unionplugin100k.write.1u.tlog
